2022-04-22 23:08:43.667  INFO 31629 --- [main] com.api.CustomerServiceApplication       : Starting CustomerServiceApplication using Java 11.0.7 on thusitha with PID 31629 (/rezsystem/workspace_ayesha/customer-service-repo/services/customer-service/build/classes/java/main started by thusitha in /rezsystem/workspace_ayesha/customer-service-repo/services/customer-service)
2022-04-22 23:08:43.668  INFO 31629 --- [main] com.api.CustomerServiceApplication       : The following profiles are active: dev
2022-04-22 23:08:44.184  INFO 31629 --- [main] .s.d.r.c.RepositoryConfigurationDelegate : Bootstrapping Spring Data JPA repositories in DEFAULT mode.
2022-04-22 23:08:44.217  INFO 31629 --- [main] .s.d.r.c.RepositoryConfigurationDelegate : Finished Spring Data repository scanning in 27 ms. Found 2 JPA repository interfaces.
2022-04-22 23:08:44.549  INFO 31629 --- [main] o.s.b.w.embedded.tomcat.TomcatWebServer  : Tomcat initialized with port(s): 8080 (http)
2022-04-22 23:08:44.556  INFO 31629 --- [main] o.apache.catalina.core.StandardService   : Starting service [Tomcat]
2022-04-22 23:08:44.556  INFO 31629 --- [main] org.apache.catalina.core.StandardEngine  : Starting Servlet engine: [Apache Tomcat/9.0.48]
2022-04-22 23:08:44.605  INFO 31629 --- [main] o.a.c.c.C.[Tomcat].[localhost].[/]       : Initializing Spring embedded WebApplicationContext
2022-04-22 23:08:44.605  INFO 31629 --- [main] w.s.c.ServletWebServerApplicationContext : Root WebApplicationContext: initialization completed in 899 ms
2022-04-22 23:08:44.695  INFO 31629 --- [main] com.zaxxer.hikari.HikariDataSource       : HikariPool-1 - Starting...
2022-04-22 23:08:44.797  INFO 31629 --- [main] com.zaxxer.hikari.pool.PoolBase          : HikariPool-1 - Driver does not support get/set network timeout for connections. (Receiver class com.mysql.jdbc.JDBC4Connection does not define or inherit an implementation of the resolved method abstract getNetworkTimeout()I of interface java.sql.Connection.)
2022-04-22 23:08:44.799  INFO 31629 --- [main] com.zaxxer.hikari.HikariDataSource       : HikariPool-1 - Start completed.
2022-04-22 23:08:45.277  INFO 31629 --- [main] j.LocalContainerEntityManagerFactoryBean : Initialized JPA EntityManagerFactory for persistence unit 'default'
2022-04-22 23:08:45.638  WARN 31629 --- [main] JpaBaseConfiguration$JpaWebConfiguration : spring.jpa.open-in-view is enabled by default. Therefore, database queries may be performed during view rendering. Explicitly configure spring.jpa.open-in-view to disable this warning
2022-04-22 23:08:45.896  INFO 31629 --- [main] o.s.b.w.embedded.tomcat.TomcatWebServer  : Tomcat started on port(s): 8080 (http) with context path ''
2022-04-22 23:08:45.897  INFO 31629 --- [main] d.s.w.p.DocumentationPluginsBootstrapper : Context refreshed
2022-04-22 23:08:45.904  INFO 31629 --- [main] d.s.w.p.DocumentationPluginsBootstrapper : Found 1 custom documentation plugin(s)
2022-04-22 23:08:45.911  INFO 31629 --- [main] s.d.s.w.s.ApiListingReferenceScanner     : Scanning for api listing references
2022-04-22 23:08:46.024  INFO 31629 --- [main] .d.s.w.r.o.CachingOperationNameGenerator : Generating unique operation named: saveCustomerDetailsUsingPOST_1
2022-04-22 23:08:46.056  INFO 31629 --- [main] com.api.CustomerServiceApplication       : Started CustomerServiceApplication in 2.641 seconds (JVM running for 3.028)
2022-04-22 23:08:53.610  INFO 31629 --- [http-nio-8080-exec-1] o.a.c.c.C.[Tomcat].[localhost].[/]       : Initializing Spring DispatcherServlet 'dispatcherServlet'
2022-04-22 23:08:53.611  INFO 31629 --- [http-nio-8080-exec-1] o.s.web.servlet.DispatcherServlet        : Initializing Servlet 'dispatcherServlet'
2022-04-22 23:08:53.613  INFO 31629 --- [http-nio-8080-exec-1] o.s.web.servlet.DispatcherServlet        : Completed initialization in 2 ms
2022-04-22 23:08:53.638  INFO 31629 --- [http-nio-8080-exec-1] com.api.controller.CountryController     : finding customer details by idaa
2022-04-22 23:10:14.910  INFO 31629 --- [SpringApplicationShutdownHook] j.LocalContainerEntityManagerFactoryBean : Closing JPA EntityManagerFactory for persistence unit 'default'
2022-04-22 23:10:14.913  INFO 31629 --- [SpringApplicationShutdownHook] com.zaxxer.hikari.HikariDataSource       : HikariPool-1 - Shutdown initiated...
2022-04-22 23:10:14.918  INFO 31629 --- [SpringApplicationShutdownHook] com.zaxxer.hikari.HikariDataSource       : HikariPool-1 - Shutdown completed.
2022-04-22 23:10:20.403  INFO 32384 --- [main] com.api.CustomerServiceApplication       : Starting CustomerServiceApplication using Java 11.0.7 on thusitha with PID 32384 (/rezsystem/workspace_ayesha/customer-service-repo/services/customer-service/build/classes/java/main started by thusitha in /rezsystem/workspace_ayesha/customer-service-repo/services/customer-service)
2022-04-22 23:10:20.405  INFO 32384 --- [main] com.api.CustomerServiceApplication       : The following profiles are active: dev
2022-04-22 23:10:21.023  INFO 32384 --- [main] .s.d.r.c.RepositoryConfigurationDelegate : Bootstrapping Spring Data JPA repositories in DEFAULT mode.
2022-04-22 23:10:21.056  INFO 32384 --- [main] .s.d.r.c.RepositoryConfigurationDelegate : Finished Spring Data repository scanning in 27 ms. Found 2 JPA repository interfaces.
2022-04-22 23:10:21.431  INFO 32384 --- [main] o.s.b.w.embedded.tomcat.TomcatWebServer  : Tomcat initialized with port(s): 8080 (http)
2022-04-22 23:10:21.441  INFO 32384 --- [main] o.apache.catalina.core.StandardService   : Starting service [Tomcat]
2022-04-22 23:10:21.441  INFO 32384 --- [main] org.apache.catalina.core.StandardEngine  : Starting Servlet engine: [Apache Tomcat/9.0.48]
2022-04-22 23:10:21.509  INFO 32384 --- [main] o.a.c.c.C.[Tomcat].[localhost].[/]       : Initializing Spring embedded WebApplicationContext
2022-04-22 23:10:21.510  INFO 32384 --- [main] w.s.c.ServletWebServerApplicationContext : Root WebApplicationContext: initialization completed in 1072 ms
2022-04-22 23:10:21.615  INFO 32384 --- [main] com.zaxxer.hikari.HikariDataSource       : HikariPool-1 - Starting...
2022-04-22 23:10:21.737  INFO 32384 --- [main] com.zaxxer.hikari.pool.PoolBase          : HikariPool-1 - Driver does not support get/set network timeout for connections. (Receiver class com.mysql.jdbc.JDBC4Connection does not define or inherit an implementation of the resolved method abstract getNetworkTimeout()I of interface java.sql.Connection.)
2022-04-22 23:10:21.739  INFO 32384 --- [main] com.zaxxer.hikari.HikariDataSource       : HikariPool-1 - Start completed.
2022-04-22 23:10:22.236  INFO 32384 --- [main] j.LocalContainerEntityManagerFactoryBean : Initialized JPA EntityManagerFactory for persistence unit 'default'
2022-04-22 23:10:22.615  WARN 32384 --- [main] JpaBaseConfiguration$JpaWebConfiguration : spring.jpa.open-in-view is enabled by default. Therefore, database queries may be performed during view rendering. Explicitly configure spring.jpa.open-in-view to disable this warning
2022-04-22 23:10:22.882  INFO 32384 --- [main] o.s.b.w.embedded.tomcat.TomcatWebServer  : Tomcat started on port(s): 8080 (http) with context path ''
2022-04-22 23:10:22.883  INFO 32384 --- [main] d.s.w.p.DocumentationPluginsBootstrapper : Context refreshed
2022-04-22 23:10:22.890  INFO 32384 --- [main] d.s.w.p.DocumentationPluginsBootstrapper : Found 1 custom documentation plugin(s)
2022-04-22 23:10:22.897  INFO 32384 --- [main] s.d.s.w.s.ApiListingReferenceScanner     : Scanning for api listing references
2022-04-22 23:10:23.023  INFO 32384 --- [main] .d.s.w.r.o.CachingOperationNameGenerator : Generating unique operation named: saveCustomerDetailsUsingPOST_1
2022-04-22 23:10:23.044  INFO 32384 --- [main] com.api.CustomerServiceApplication       : Started CustomerServiceApplication in 2.957 seconds (JVM running for 3.412)
2022-04-22 23:10:30.518  INFO 32384 --- [http-nio-8080-exec-1] o.a.c.c.C.[Tomcat].[localhost].[/]       : Initializing Spring DispatcherServlet 'dispatcherServlet'
2022-04-22 23:10:30.521  INFO 32384 --- [http-nio-8080-exec-1] o.s.web.servlet.DispatcherServlet        : Initializing Servlet 'dispatcherServlet'
2022-04-22 23:10:30.523  INFO 32384 --- [http-nio-8080-exec-1] o.s.web.servlet.DispatcherServlet        : Completed initialization in 2 ms
2022-04-22 23:10:30.553  INFO 32384 --- [http-nio-8080-exec-1] com.api.controller.CountryController     : finding customer details by idaa
2022-04-22 23:12:15.154  INFO 32384 --- [SpringApplicationShutdownHook] j.LocalContainerEntityManagerFactoryBean : Closing JPA EntityManagerFactory for persistence unit 'default'
2022-04-22 23:12:15.157  INFO 32384 --- [SpringApplicationShutdownHook] com.zaxxer.hikari.HikariDataSource       : HikariPool-1 - Shutdown initiated...
2022-04-22 23:12:15.169  INFO 32384 --- [SpringApplicationShutdownHook] com.zaxxer.hikari.HikariDataSource       : HikariPool-1 - Shutdown completed.
2022-04-22 23:12:20.272  INFO 679 --- [main] com.api.CustomerServiceApplication       : Starting CustomerServiceApplication using Java 11.0.7 on thusitha with PID 679 (/rezsystem/workspace_ayesha/customer-service-repo/services/customer-service/build/classes/java/main started by thusitha in /rezsystem/workspace_ayesha/customer-service-repo/services/customer-service)
2022-04-22 23:12:20.273  INFO 679 --- [main] com.api.CustomerServiceApplication       : The following profiles are active: dev
2022-04-22 23:12:20.864  INFO 679 --- [main] .s.d.r.c.RepositoryConfigurationDelegate : Bootstrapping Spring Data JPA repositories in DEFAULT mode.
2022-04-22 23:12:20.915  INFO 679 --- [main] .s.d.r.c.RepositoryConfigurationDelegate : Finished Spring Data repository scanning in 44 ms. Found 2 JPA repository interfaces.
2022-04-22 23:12:21.352  INFO 679 --- [main] o.s.b.w.embedded.tomcat.TomcatWebServer  : Tomcat initialized with port(s): 8080 (http)
2022-04-22 23:12:21.359  INFO 679 --- [main] o.apache.catalina.core.StandardService   : Starting service [Tomcat]
2022-04-22 23:12:21.360  INFO 679 --- [main] org.apache.catalina.core.StandardEngine  : Starting Servlet engine: [Apache Tomcat/9.0.48]
2022-04-22 23:12:21.430  INFO 679 --- [main] o.a.c.c.C.[Tomcat].[localhost].[/]       : Initializing Spring embedded WebApplicationContext
2022-04-22 23:12:21.430  INFO 679 --- [main] w.s.c.ServletWebServerApplicationContext : Root WebApplicationContext: initialization completed in 1128 ms
2022-04-22 23:12:21.530  INFO 679 --- [main] com.zaxxer.hikari.HikariDataSource       : HikariPool-1 - Starting...
2022-04-22 23:12:21.652  INFO 679 --- [main] com.zaxxer.hikari.pool.PoolBase          : HikariPool-1 - Driver does not support get/set network timeout for connections. (Receiver class com.mysql.jdbc.JDBC4Connection does not define or inherit an implementation of the resolved method abstract getNetworkTimeout()I of interface java.sql.Connection.)
2022-04-22 23:12:21.654  INFO 679 --- [main] com.zaxxer.hikari.HikariDataSource       : HikariPool-1 - Start completed.
2022-04-22 23:12:22.126  INFO 679 --- [main] j.LocalContainerEntityManagerFactoryBean : Initialized JPA EntityManagerFactory for persistence unit 'default'
2022-04-22 23:12:22.498  WARN 679 --- [main] JpaBaseConfiguration$JpaWebConfiguration : spring.jpa.open-in-view is enabled by default. Therefore, database queries may be performed during view rendering. Explicitly configure spring.jpa.open-in-view to disable this warning
2022-04-22 23:12:22.748  INFO 679 --- [main] o.s.b.w.embedded.tomcat.TomcatWebServer  : Tomcat started on port(s): 8080 (http) with context path ''
2022-04-22 23:12:22.749  INFO 679 --- [main] d.s.w.p.DocumentationPluginsBootstrapper : Context refreshed
2022-04-22 23:12:22.757  INFO 679 --- [main] d.s.w.p.DocumentationPluginsBootstrapper : Found 1 custom documentation plugin(s)
2022-04-22 23:12:22.764  INFO 679 --- [main] s.d.s.w.s.ApiListingReferenceScanner     : Scanning for api listing references
2022-04-22 23:12:22.875  INFO 679 --- [main] .d.s.w.r.o.CachingOperationNameGenerator : Generating unique operation named: saveCustomerDetailsUsingPOST_1
2022-04-22 23:12:22.908  INFO 679 --- [main] com.api.CustomerServiceApplication       : Started CustomerServiceApplication in 2.89 seconds (JVM running for 3.258)
2022-04-22 23:12:22.910  INFO 679 --- [main] com.api.CustomerServiceApplication       : Application starting...
2022-04-22 23:13:47.937  INFO 679 --- [SpringApplicationShutdownHook] j.LocalContainerEntityManagerFactoryBean : Closing JPA EntityManagerFactory for persistence unit 'default'
2022-04-22 23:13:47.939  INFO 679 --- [SpringApplicationShutdownHook] com.zaxxer.hikari.HikariDataSource       : HikariPool-1 - Shutdown initiated...
2022-04-22 23:13:47.942  INFO 679 --- [SpringApplicationShutdownHook] com.zaxxer.hikari.HikariDataSource       : HikariPool-1 - Shutdown completed.
2022-04-22 23:13:52.811  INFO 1384 --- [main] com.api.CustomerServiceApplication       : Starting CustomerServiceApplication using Java 11.0.7 on thusitha with PID 1384 (/rezsystem/workspace_ayesha/customer-service-repo/services/customer-service/build/classes/java/main started by thusitha in /rezsystem/workspace_ayesha/customer-service-repo/services/customer-service)
2022-04-22 23:13:52.813  INFO 1384 --- [main] com.api.CustomerServiceApplication       : The following profiles are active: dev
2022-04-22 23:13:53.340  INFO 1384 --- [main] .s.d.r.c.RepositoryConfigurationDelegate : Bootstrapping Spring Data JPA repositories in DEFAULT mode.
2022-04-22 23:13:53.372  INFO 1384 --- [main] .s.d.r.c.RepositoryConfigurationDelegate : Finished Spring Data repository scanning in 27 ms. Found 2 JPA repository interfaces.
2022-04-22 23:13:53.690  INFO 1384 --- [main] o.s.b.w.embedded.tomcat.TomcatWebServer  : Tomcat initialized with port(s): 8080 (http)
2022-04-22 23:13:53.696  INFO 1384 --- [main] o.apache.catalina.core.StandardService   : Starting service [Tomcat]
2022-04-22 23:13:53.697  INFO 1384 --- [main] org.apache.catalina.core.StandardEngine  : Starting Servlet engine: [Apache Tomcat/9.0.48]
2022-04-22 23:13:53.752  INFO 1384 --- [main] o.a.c.c.C.[Tomcat].[localhost].[/]       : Initializing Spring embedded WebApplicationContext
2022-04-22 23:13:53.752  INFO 1384 --- [main] w.s.c.ServletWebServerApplicationContext : Root WebApplicationContext: initialization completed in 907 ms
2022-04-22 23:13:53.840  INFO 1384 --- [main] com.zaxxer.hikari.HikariDataSource       : HikariPool-1 - Starting...
2022-04-22 23:13:53.943  INFO 1384 --- [main] com.zaxxer.hikari.pool.PoolBase          : HikariPool-1 - Driver does not support get/set network timeout for connections. (Receiver class com.mysql.jdbc.JDBC4Connection does not define or inherit an implementation of the resolved method abstract getNetworkTimeout()I of interface java.sql.Connection.)
2022-04-22 23:13:53.945  INFO 1384 --- [main] com.zaxxer.hikari.HikariDataSource       : HikariPool-1 - Start completed.
2022-04-22 23:13:54.426  INFO 1384 --- [main] j.LocalContainerEntityManagerFactoryBean : Initialized JPA EntityManagerFactory for persistence unit 'default'
2022-04-22 23:13:54.815  WARN 1384 --- [main] JpaBaseConfiguration$JpaWebConfiguration : spring.jpa.open-in-view is enabled by default. Therefore, database queries may be performed during view rendering. Explicitly configure spring.jpa.open-in-view to disable this warning
2022-04-22 23:13:55.068  INFO 1384 --- [main] o.s.b.w.embedded.tomcat.TomcatWebServer  : Tomcat started on port(s): 8080 (http) with context path ''
2022-04-22 23:13:55.069  INFO 1384 --- [main] d.s.w.p.DocumentationPluginsBootstrapper : Context refreshed
2022-04-22 23:13:55.077  INFO 1384 --- [main] d.s.w.p.DocumentationPluginsBootstrapper : Found 1 custom documentation plugin(s)
2022-04-22 23:13:55.084  INFO 1384 --- [main] s.d.s.w.s.ApiListingReferenceScanner     : Scanning for api listing references
2022-04-22 23:13:55.229  INFO 1384 --- [main] .d.s.w.r.o.CachingOperationNameGenerator : Generating unique operation named: saveCustomerDetailsUsingPOST_1
2022-04-22 23:13:55.251  INFO 1384 --- [main] com.api.CustomerServiceApplication       : Started CustomerServiceApplication in 2.699 seconds (JVM running for 3.129)
2022-04-22 23:13:55.253  INFO 1384 --- [main] com.api.CustomerServiceApplication       : Application starting...
2022-04-22 23:14:35.144  INFO 1384 --- [SpringApplicationShutdownHook] j.LocalContainerEntityManagerFactoryBean : Closing JPA EntityManagerFactory for persistence unit 'default'
2022-04-22 23:14:35.147  INFO 1384 --- [SpringApplicationShutdownHook] com.zaxxer.hikari.HikariDataSource       : HikariPool-1 - Shutdown initiated...
2022-04-22 23:14:35.153  INFO 1384 --- [SpringApplicationShutdownHook] com.zaxxer.hikari.HikariDataSource       : HikariPool-1 - Shutdown completed.
